FAIL ./combined_number.test.js
  Combined Number
    ✓ should return a string (3 ms)
    ✓ should return a string of the number for a single number (1 ms)
    ✓ should return "42" for [2, 4]
    ✕ should return "42120" for [21, 20, 4] (4 ms)

  ● Combined Number › should return "42120" for [21, 20, 4]

    expect(received).toEqual(expected) // deep equality

    Expected: "42120"
    Received: "21204"

      17 | 
      18 |   it('should return "42120" for [21, 20, 4]', () => {
    > 19 |     expect(combined_number([21, 20, 4])).toEqual('42120');
         |                                          ^
      20 |   });
      21 | });
      22 | 

      at Object.<anonymous> (combined_number.test.js:19:42)

Test Suites: 1 failed, 1 total
Tests:       1 failed, 3 passed, 4 total
Snapshots:   0 total
Time:        1.385 s
Ran all test suites.
npm ERR! code ELIFECYCLE
npm ERR! errno 1
npm ERR! @ test: `jest --coverage`
npm ERR! Exit status 1
npm ERR! 
npm ERR! Failed at the @ test script.
npm ERR! This is probably not a problem with npm. There is likely additional logging output above.

npm ERR! A complete log of this run can be found in:
npm ERR!     /home/sandbox/.npm/_logs/2023-02-13T07_54_41_375Z-debug.log
